*** Starting uWSGI 2.0.19.1 (64bit) on [Sat Sep 19 22:52:23 2020] ***
compiled with version: 7.5.0 on 19 September 2020 20:20:12
os: Linux-4.15.0-106-generic #107-Ubuntu SMP Thu Jun 4 11:27:52 UTC 2020
nodename: dsde1032-21635.fornex.org
machine: x86_64
clock source: unix
detected number of CPU cores: 1
current working directory: /
detected binary path: /usr/local/bin/uwsgi
!!! no internal routing support, rebuild with pcre support !!!
uWSGI running as root, you can use --uid/--gid/--chroot options
*** WARNING: you are running uWSGI as root !!! (use the --uid flag) *** 
*** WARNING: you are running uWSGI without its master process manager ***
your processes number limit is 3693
your memory page size is 4096 bytes
detected max file descriptor number: 1024
*** starting uWSGI Emperor ***
*** has_emperor mode detected (fd: 5) ***
[uWSGI] getting INI configuration from /home/admin/web/krommclub.ru/public_html/app/deploy/krommclub_ru_uwsgi.ini
Sat Sep 19 22:52:23 2020 - [emperor] vassal /home/admin/web/krommclub.ru/public_html/app/deploy/krommclub_ru_uwsgi.ini has been spawned
Sat Sep 19 22:52:23 2020 - [emperor] vassal /home/admin/web/krommclub.ru/public_html/app/deploy/krommclub_ru_uwsgi.ini is ready to accept requests
[emperor] *** RAGNAROK EVOKED ***
Sat Sep 19 22:52:54 2020 - [emperor] stop the uwsgi instance /home/admin/web/krommclub.ru/public_html/app/deploy/krommclub_ru_uwsgi.ini
Sat Sep 19 22:52:57 2020 - [emperor] removed uwsgi instance /home/admin/web/krommclub.ru/public_html/app/deploy/krommclub_ru_uwsgi.ini
Sat Sep 19 22:52:58 2020 - The Emperor is buried.
*** Starting uWSGI 2.0.19.1 (64bit) on [Sat Sep 19 22:52:59 2020] ***
compiled with version: 7.5.0 on 19 September 2020 20:20:12
os: Linux-4.15.0-106-generic #107-Ubuntu SMP Thu Jun 4 11:27:52 UTC 2020
nodename: dsde1032-21635.fornex.org
machine: x86_64
clock source: unix
detected number of CPU cores: 1
current working directory: /
detected binary path: /usr/local/bin/uwsgi
!!! no internal routing support, rebuild with pcre support !!!
uWSGI running as root, you can use --uid/--gid/--chroot options
*** WARNING: you are running uWSGI as root !!! (use the --uid flag) *** 
*** WARNING: you are running uWSGI without its master process manager ***
your processes number limit is 3693
your memory page size is 4096 bytes
detected max file descriptor number: 1024
*** starting uWSGI Emperor ***
*** has_emperor mode detected (fd: 5) ***
[uWSGI] getting INI configuration from /home/admin/web/krommclub.ru/public_html/app/deploy/krommclub_ru_uwsgi.ini
Sat Sep 19 22:53:00 2020 - [emperor] vassal /home/admin/web/krommclub.ru/public_html/app/deploy/krommclub_ru_uwsgi.ini has been spawned
Sat Sep 19 22:53:00 2020 - [emperor] vassal /home/admin/web/krommclub.ru/public_html/app/deploy/krommclub_ru_uwsgi.ini is ready to accept requests
Sat Sep 19 22:54:36 2020 - [emperor] vassal /home/admin/web/krommclub.ru/public_html/app/deploy/krommclub_ru_uwsgi.ini is now loyal
Sat Sep 19 22:57:06 2020 - [emperor] vassal /home/admin/web/krommclub.ru/public_html/app/deploy/krommclub_ru_uwsgi.ini is now loyal
Sat Sep 19 22:57:13 2020 - [emperor] vassal /home/admin/web/krommclub.ru/public_html/app/deploy/krommclub_ru_uwsgi.ini is now loyal
[emperor] *** RAGNAROK EVOKED ***
Sat Sep 19 22:57:28 2020 - [emperor] stop the uwsgi instance /home/admin/web/krommclub.ru/public_html/app/deploy/krommclub_ru_uwsgi.ini
Sat Sep 19 22:57:31 2020 - [emperor] removed uwsgi instance /home/admin/web/krommclub.ru/public_html/app/deploy/krommclub_ru_uwsgi.ini
Sat Sep 19 22:57:32 2020 - The Emperor is buried.
*** Starting uWSGI 2.0.19.1 (64bit) on [Sat Sep 19 22:57:33 2020] ***
compiled with version: 7.5.0 on 19 September 2020 20:20:12
os: Linux-4.15.0-106-generic #107-Ubuntu SMP Thu Jun 4 11:27:52 UTC 2020
nodename: dsde1032-21635.fornex.org
machine: x86_64
clock source: unix
detected number of CPU cores: 1
current working directory: /
detected binary path: /usr/local/bin/uwsgi
!!! no internal routing support, rebuild with pcre support !!!
uWSGI running as root, you can use --uid/--gid/--chroot options
*** WARNING: you are running uWSGI as root !!! (use the --uid flag) *** 
*** WARNING: you are running uWSGI without its master process manager ***
your processes number limit is 3693
your memory page size is 4096 bytes
detected max file descriptor number: 1024
*** starting uWSGI Emperor ***
*** has_emperor mode detected (fd: 5) ***
[uWSGI] getting INI configuration from /home/admin/web/krommclub.ru/public_html/app/deploy/krommclub_ru_uwsgi.ini
Sat Sep 19 22:57:34 2020 - [emperor] vassal /home/admin/web/krommclub.ru/public_html/app/deploy/krommclub_ru_uwsgi.ini has been spawned
Sat Sep 19 22:57:34 2020 - [emperor] vassal /home/admin/web/krommclub.ru/public_html/app/deploy/krommclub_ru_uwsgi.ini is ready to accept requests
Sat Sep 19 22:57:34 2020 - [emperor] vassal /home/admin/web/krommclub.ru/public_html/app/deploy/krommclub_ru_uwsgi.ini is now loyal
Sat Sep 19 22:57:35 2020 - [emperor] vassal /home/admin/web/krommclub.ru/public_html/app/deploy/krommclub_ru_uwsgi.ini is now loyal
Sat Sep 19 23:03:17 2020 - [emperor] vassal /home/admin/web/krommclub.ru/public_html/app/deploy/krommclub_ru_uwsgi.ini is now loyal
Sat Sep 19 23:28:40 2020 - [emperor] vassal /home/admin/web/krommclub.ru/public_html/app/deploy/krommclub_ru_uwsgi.ini is now loyal
Sat Sep 19 23:52:51 2020 - [emperor] vassal /home/admin/web/krommclub.ru/public_html/app/deploy/krommclub_ru_uwsgi.ini is now loyal
Sun Sep 20 00:06:24 2020 - [emperor] vassal /home/admin/web/krommclub.ru/public_html/app/deploy/krommclub_ru_uwsgi.ini is now loyal
Sun Sep 20 00:11:21 2020 - [emperor] vassal /home/admin/web/krommclub.ru/public_html/app/deploy/krommclub_ru_uwsgi.ini is now loyal
Sun Sep 20 00:20:48 2020 - [emperor] vassal /home/admin/web/krommclub.ru/public_html/app/deploy/krommclub_ru_uwsgi.ini is now loyal
Sun Sep 20 00:26:07 2020 - [emperor] vassal /home/admin/web/krommclub.ru/public_html/app/deploy/krommclub_ru_uwsgi.ini is now loyal
Sun Sep 20 00:43:24 2020 - [emperor] vassal /home/admin/web/krommclub.ru/public_html/app/deploy/krommclub_ru_uwsgi.ini is now loyal
[emperor] *** RAGNAROK EVOKED ***
Sun Sep 20 07:54:59 2020 - [emperor] stop the uwsgi instance /home/admin/web/krommclub.ru/public_html/app/deploy/krommclub_ru_uwsgi.ini
Sun Sep 20 07:55:04 2020 - [emperor] removed uwsgi instance /home/admin/web/krommclub.ru/public_html/app/deploy/krommclub_ru_uwsgi.ini
Sun Sep 20 07:55:05 2020 - The Emperor is buried.
*** Starting uWSGI 2.0.19.1 (64bit) on [Sun Sep 20 07:56:45 2020] ***
compiled with version: 7.5.0 on 19 September 2020 20:20:12
os: Linux-4.15.0-106-generic #107-Ubuntu SMP Thu Jun 4 11:27:52 UTC 2020
nodename: dsde1032-21635.fornex.org
machine: x86_64
clock source: unix
detected number of CPU cores: 1
current working directory: /
detected binary path: /usr/local/bin/uwsgi
!!! no internal routing support, rebuild with pcre support !!!
uWSGI running as root, you can use --uid/--gid/--chroot options
*** WARNING: you are running uWSGI as root !!! (use the --uid flag) *** 
*** WARNING: you are running uWSGI without its master process manager ***
your processes number limit is 3693
your memory page size is 4096 bytes
detected max file descriptor number: 1024
*** starting uWSGI Emperor ***
*** has_emperor mode detected (fd: 5) ***
[uWSGI] getting INI configuration from /home/admin/web/krommclub.ru/public_html/app/deploy/krommclub_ru_uwsgi.ini
Sun Sep 20 07:56:45 2020 - [emperor] vassal /home/admin/web/krommclub.ru/public_html/app/deploy/krommclub_ru_uwsgi.ini has been spawned
Sun Sep 20 07:56:45 2020 - [emperor] vassal /home/admin/web/krommclub.ru/public_html/app/deploy/krommclub_ru_uwsgi.ini is ready to accept requests
Sun Sep 20 07:56:45 2020 - [emperor] vassal /home/admin/web/krommclub.ru/public_html/app/deploy/krommclub_ru_uwsgi.ini is now loyal
Sun Sep 20 07:56:45 2020 - [emperor] vassal /home/admin/web/krommclub.ru/public_html/app/deploy/krommclub_ru_uwsgi.ini is now loyal
Sun Sep 20 07:56:46 2020 - [emperor] vassal /home/admin/web/krommclub.ru/public_html/app/deploy/krommclub_ru_uwsgi.ini is now loyal
Sun Sep 20 07:57:05 2020 - [emperor] vassal /home/admin/web/krommclub.ru/public_html/app/deploy/krommclub_ru_uwsgi.ini is now loyal
Sun Sep 20 07:58:56 2020 - [emperor] vassal /home/admin/web/krommclub.ru/public_html/app/deploy/krommclub_ru_uwsgi.ini is now loyal
Sun Sep 20 07:58:56 2020 - [emperor] vassal /home/admin/web/krommclub.ru/public_html/app/deploy/krommclub_ru_uwsgi.ini is now loyal
Sun Sep 20 07:59:34 2020 - [emperor] vassal /home/admin/web/krommclub.ru/public_html/app/deploy/krommclub_ru_uwsgi.ini is now loyal
Sun Sep 20 08:03:47 2020 - [emperor] vassal /home/admin/web/krommclub.ru/public_html/app/deploy/krommclub_ru_uwsgi.ini is now loyal
Sun Sep 20 08:06:22 2020 - [emperor] vassal /home/admin/web/krommclub.ru/public_html/app/deploy/krommclub_ru_uwsgi.ini is now loyal
Sun Sep 20 08:43:31 2020 - [emperor] vassal /home/admin/web/krommclub.ru/public_html/app/deploy/krommclub_ru_uwsgi.ini is now loyal
